Build target 'FreeRTOS'
compiling main.c...
compiling stm32f4xx_it.c...
compiling system_stm32f4xx.c...
compiling adc.c...
compiling encoder.c...
compiling key.c...
compiling LED.C...
compiling motor.c...
compiling oled.c...
compiling usartx.c...
..\HARDWARE\usartx.c(120): warning:  #550-D: variable "Usart_Receive" was set but never used
                u8 Usart_Receive;               
..\HARDWARE\usartx.c: 1 warning, 0 errors
compiling lidar.c...
compiling pstwo.c...
compiling delay.c...
compiling sys.c...
compiling usart.c...
assembling startup_stm32f40_41xxx.s...
compiling misc.c...
compiling stm32f4xx_gpio.c...
compiling stm32f4xx_rcc.c...
compiling stm32f4xx_syscfg.c...
compiling stm32f4xx_usart.c...
compiling stm32f4xx_adc.c...
compiling stm32f4xx_can.c...
compiling stm32f4xx_tim.c...
compiling stm32f4xx_pwr.c...
compiling croutine.c...
compiling event_groups.c...
compiling list.c...
compiling queue.c...
compiling tasks.c...
compiling timers.c...
compiling port.c...
compiling heap_4.c...
compiling system.c...
compiling balance.c...
..\BALANCE\balance.c(77): warning:  #550-D: variable "R" was set but never used
                        float R, Ratio=636.56, AngleR, Angle_Servo;
..\BALANCE\balance.c: 1 warning, 0 errors
compiling robot_select_init.c...
compiling show.c...
linking...
Program Size: Code=41142 RO-data=6154 RW-data=708 ZI-data=28092  
FromELF: creating hex file...
"..\OBJ\WHEELTEC.axf" - 0 Error(s), 2 Warning(s).
